[12/04/2016 01:48] jonyroda97(98159081583292416) deleted 10 messages containing '!' in channel geral
[12/04/2016 01:48] jonyroda97(98159081583292416) deleted 10 messages containing '!' in channel geral
[12/04/2016 01:49] jonyroda97(98159081583292416) deleted 5 messages made by MUSIC SOLUTIONS(166006091119853568) in channel geral
[12/04/2016 02:25] jonyroda97(98159081583292416) deleted 10 messages made by MUSIC SOLUTIONS(166006091119853568) in channel geral
[12/04/2016 02:25] jonyroda97(98159081583292416) deleted 10 messages containing '!' in channel geral
[12/04/2016 02:26] jonyroda97(98159081583292416) deleted 3 messages in channel geral
[12/04/2016 02:26] jonyroda97(98159081583292416) deleted 1 messages containing '!' in channel geral
[12/04/2016 02:27] jonyroda97(98159081583292416) deleted 3 messages in channel geral
[12/04/2016 15:09] jonyroda97(98159081583292416) deleted 50 messages in channel geral
[12/04/2016 15:11] jonyroda97(98159081583292416) deleted 10 messages in channel geral
[12/04/2016 15:26] jonyroda97(98159081583292416) deleted 50 messages in channel geral
[14/04/2016 00:48] jonyroda97(98159081583292416) deleted 100 messages in channel geral
[16/04/2016 03:26] jonyroda97(98159081583292416) deleted 50 messages in channel geral
[16/04/2016 03:28] jonyroda97(98159081583292416) deleted 100 messages in channel geral
[16/04/2016 03:29] jonyroda97(98159081583292416) deleted 2 messages in channel geral
[16/04/2016 03:29] jonyroda97(98159081583292416) deleted 100 messages in channel geral
[23/04/2016 00:14] jonyroda97(98159081583292416) deleted 100 messages in channel geral
[23/04/2016 00:14] jonyroda97(98159081583292416) deleted 100 messages in channel geral
[23/04/2016 00:23] jonyroda97(98159081583292416) deleted 100 messages in channel geral
[23/04/2016 00:24] jonyroda97(98159081583292416) deleted 100 messages in channel geral
[23/04/2016 01:04] jonyroda97(98159081583292416) deleted 100 messages in channel geral
[23/04/2016 01:04] jonyroda97(98159081583292416) deleted 100 messages in channel geral
[25/04/2016 00:44] jonyroda97(98159081583292416) deleted 100 messages in channel geral
[25/04/2016 00:46] jonyroda97(98159081583292416) deleted 100 messages in channel geral
[25/04/2016 14:44] jonyroda97(98159081583292416) deleted 100 messages in channel geral
[25/04/2016 14:49] jonyroda97(98159081583292416) deleted 100 messages in channel geral
[25/04/2016 15:39] jonyroda97(98159081583292416) deleted 100 messages in channel geral
[25/04/2016 15:49] jonyroda97(98159081583292416) deleted 100 messages in channel geral
[25/04/2016 23:40] jonyroda97(98159081583292416) deleted 100 messages in channel geral
[25/04/2016 23:58] jonyroda97(98159081583292416) deleted 100 messages in channel geral
[30/04/2016 21:50] jonyroda97(98159081583292416) deleted 100 messages in channel geral
[30/04/2016 23:50] jonyroda97(98159081583292416) deleted 100 messages in channel geral
[30/04/2016 23:50] jonyroda97(98159081583292416) deleted 100 messages in channel geral
[01/05/2016 00:01] jonyroda97(98159081583292416) deleted 100 messages in channel geral
[01/05/2016 00:36] jonyroda97(98159081583292416) deleted 100 messages in channel geral
[01/05/2016 00:37] jonyroda97(98159081583292416) deleted 100 messages in channel geral
[01/05/2016 04:43] jonyroda97(98159081583292416) deleted 50 messages in channel geral
[01/05/2016 04:43] jonyroda97(98159081583292416) deleted 50 messages in channel geral
[01/05/2016 04:45] jonyroda97(98159081583292416) deleted 50 messages in channel geral
[01/05/2016 04:50] jonyroda97(98159081583292416) deleted 99 messages in channel geral
[01/05/2016 04:50] jonyroda97(98159081583292416) deleted 100 messages in channel geral
[01/05/2016 04:51] jonyroda97(98159081583292416) deleted 500 messages in channel geral
[01/05/2016 05:14] jonyroda97(98159081583292416) deleted 500 messages in channel geral
[01/05/2016 05:14] jonyroda97(98159081583292416) deleted 500 messages in channel geral
[01/05/2016 05:25] jonyroda97(98159081583292416) deleted 500 messages in channel geral
[01/05/2016 05:47] jonyroda97(98159081583292416) deleted 500 messages in channel geral
[01/05/2016 05:47] jonyroda97(98159081583292416) deleted 500 messages in channel geral
[01/05/2016 05:48] jonyroda97(98159081583292416) deleted 500 messages in channel geral
[01/05/2016 06:04] jonyroda97(98159081583292416) deleted 500 messages in channel geral
[01/05/2016 06:04] jonyroda97(98159081583292416) deleted 500 messages in channel geral
[01/05/2016 06:10] jonyroda97(98159081583292416) deleted 500 messages in channel geral
[01/05/2016 06:17] jonyroda97(98159081583292416) deleted 500 messages in channel geral
[01/05/2016 06:19] jonyroda97(98159081583292416) deleted 500 messages in channel geral
[01/05/2016 06:25] jonyroda97(98159081583292416) deleted 500 messages in channel geral
[01/05/2016 16:47] jonyroda97(98159081583292416) deleted 500 messages in channel geral
[01/05/2016 16:48] jonyroda97(98159081583292416) deleted 500 messages in channel geral
[01/05/2016 17:26] jonyroda97(98159081583292416) deleted 500 messages in channel anuncios
[01/05/2016 17:27] jonyroda97(98159081583292416) deleted 500 messages in channel anuncios
[01/05/2016 17:27] jonyroda97(98159081583292416) deleted 5 messages in channel anuncios
[01/05/2016 17:27] jonyroda97(98159081583292416) deleted 500 messages in channel geral
[01/05/2016 17:31] jonyroda97(98159081583292416) deleted 500 messages in channel anuncios
[01/05/2016 17:38] jonyroda97(98159081583292416) deleted 500 messages in channel anuncios
[01/05/2016 17:38] jonyroda97(98159081583292416) deleted 500 messages in channel anuncios
[01/05/2016 17:38] jonyroda97(98159081583292416) deleted 500 messages in channel anuncios
[01/05/2016 17:38] jonyroda97(98159081583292416) deleted 500 messages in channel anuncios
[01/05/2016 17:41] jonyroda97(98159081583292416) deleted 500 messages in channel anuncios
[01/05/2016 17:42] jonyroda97(98159081583292416) deleted 500 messages in channel anuncios
[01/05/2016 17:42] jonyroda97(98159081583292416) deleted 500 messages in channel anuncios
[01/05/2016 17:44] jonyroda97(98159081583292416) deleted 500 messages in channel geral
[01/05/2016 17:46] jonyroda97(98159081583292416) deleted 500 messages in channel geral
[01/05/2016 23:14] jonyroda97(98159081583292416) deleted 500 messages in channel geral
[01/05/2016 23:15] jonyroda97(98159081583292416) deleted 500 messages in channel geral
[04/05/2016 22:05] jonyroda97(98159081583292416) deleted 500 messages in channel geral
[06/05/2016 17:39] jonyroda97(98159081583292416) deleted 500 messages in channel geral
[07/05/2016 17:22] jonyroda97(98159081583292416) deleted 500 messages in channel geral
[07/05/2016 17:34] jonyroda97(98159081583292416) deleted 500 messages in channel geral
[07/05/2016 17:34] jonyroda97(98159081583292416) deleted 500 messages in channel geral
[07/05/2016 17:34] jonyroda97(98159081583292416) deleted 500 messages in channel geral
[07/05/2016 17:34] jonyroda97(98159081583292416) deleted 500 messages in channel geral
[08/05/2016 18:35] jonyroda97(98159081583292416) deleted 500 messages in channel geral
[08/05/2016 19:13] jonyroda97(98159081583292416) deleted 500 messages in channel geral
[08/05/2016 19:13] jonyroda97(98159081583292416) deleted 500 messages in channel geral
[08/05/2016 19:15] jonyroda97(98159081583292416) deleted 500 messages in channel geral
[08/05/2016 20:02] jonyroda97(98159081583292416) deleted 500 messages in channel geral
[08/05/2016 20:06] jonyroda97(98159081583292416) deleted 500 messages in channel geral
[09/05/2016 00:12] jonyroda97(98159081583292416) deleted 500 messages in channel geral
[09/05/2016 19:56] jonyroda97(98159081583292416) deleted 500 messages in channel geral
[09/05/2016 21:39] jonyroda97(98159081583292416) deleted 500 messages in channel geral
[09/05/2016 21:41] jonyroda97(98159081583292416) deleted 500 messages in channel geral
[09/05/2016 21:41] jonyroda97(98159081583292416) deleted 500 messages in channel geral
[11/05/2016 22:44] jonyroda97(98159081583292416) deleted 500 messages in channel geral
[13/05/2016 21:40] jonyroda97(98159081583292416) deleted 500 messages in channel geral
[13/05/2016 22:20] jonyroda97(98159081583292416) deleted 500 messages in channel geral
[14/05/2016 00:01] jonyroda97(98159081583292416) deleted 500 messages in channel geral
[14/05/2016 04:11] jonyroda97(98159081583292416) deleted 500 messages in channel geral
[14/05/2016 04:43] jonyroda97(98159081583292416) deleted 500 messages in channel geral
[14/05/2016 16:13] jonyroda97(98159081583292416) deleted 500 messages in channel geral
[14/05/2016 16:13] jonyroda97(98159081583292416) deleted 500 messages in channel geral
[14/05/2016 16:33] jonyroda97(98159081583292416) deleted 500 messages in channel geral
[14/05/2016 16:34] jonyroda97(98159081583292416) deleted 500 messages in channel geral
[14/05/2016 16:39] jonyroda97(98159081583292416) deleted 500 messages in channel geral
[14/05/2016 16:41] jonyroda97(98159081583292416) deleted 500 messages in channel geral
[14/05/2016 16:42] jonyroda97(98159081583292416) deleted 500 messages in channel geral
[14/05/2016 16:43] jonyroda97(98159081583292416) deleted 3 messages in channel geral
[14/05/2016 16:45] jonyroda97(98159081583292416) deleted 500 messages in channel geral
[14/05/2016 16:49] jonyroda97(98159081583292416) deleted 500 messages in channel geral
[14/05/2016 22:07] jonyroda97(98159081583292416) deleted 500 messages in channel geral
[14/05/2016 22:09] jonyroda97(98159081583292416) deleted 500 messages in channel geral
[14/05/2016 22:10] jonyroda97(98159081583292416) deleted 500 messages in channel geral
[14/05/2016 22:14] jonyroda97(98159081583292416) deleted 500 messages in channel geral
[14/05/2016 22:41] jonyroda97(98159081583292416) deleted 500 messages in channel geral
[14/05/2016 23:46] jonyroda97(98159081583292416) deleted 500 messages in channel geral
[15/05/2016 16:00] jonyroda97(98159081583292416) deleted 500 messages in channel geral
[18/05/2016 14:39] jonyroda97(98159081583292416) deleted 500 messages in channel geral
[21/05/2016 18:19] jonyroda97(98159081583292416) deleted 500 messages in channel geral
[21/05/2016 18:27] jonyroda97(98159081583292416) deleted 500 messages in channel geral
[21/05/2016 18:29] jonyroda97(98159081583292416) deleted 500 messages in channel geral
[21/05/2016 18:49] jonyroda97(98159081583292416) deleted 500 messages in channel anuncios
[21/05/2016 18:49] jonyroda97(98159081583292416) deleted 500 messages in channel geral
[21/05/2016 18:58] jonyroda97(98159081583292416) deleted 500 messages in channel geral
[21/05/2016 18:59] jonyroda97(98159081583292416) deleted 500 messages in channel geral
[21/05/2016 19:05] jonyroda97(98159081583292416) deleted 500 messages in channel geral
[21/05/2016 19:15] jonyroda97(98159081583292416) deleted 500 messages in channel geral
[21/05/2016 19:27] jonyroda97(98159081583292416) deleted 500 messages in channel geral
[21/05/2016 19:33] jonyroda97(98159081583292416) deleted 500 messages in channel geral
[21/05/2016 19:34] jonyroda97(98159081583292416) deleted 500 messages in channel geral
[22/05/2016 22:15] jonyroda97(98159081583292416) deleted 500 messages in channel geral
[22/05/2016 22:25] jonyroda97(98159081583292416) deleted 500 messages in channel geral
[22/05/2016 22:25] jonyroda97(98159081583292416) deleted 500 messages in channel geral
[22/05/2016 22:31] jonyroda97(98159081583292416) deleted 500 messages in channel geral
[23/05/2016 22:22] jonyroda97(98159081583292416) deleted 500 messages in channel geral
[23/05/2016 22:35] jonyroda97(98159081583292416) deleted 500 messages in channel geral
[23/05/2016 22:35] jonyroda97(98159081583292416) deleted 500 messages in channel geral
[28/05/2016 02:43] jonyroda97(98159081583292416) deleted 500 messages in channel geral
[31/05/2016 20:22] jonyroda97(98159081583292416) deleted 500 messages in channel geral
[31/05/2016 20:42] jonyroda97(98159081583292416) deleted 500 messages in channel geral
[13/06/2016 22:27] jonyroda97(98159081583292416) deleted 500 messages in channel geral
[14/06/2016 01:47] jonyroda97(98159081583292416) deleted 500 messages in channel geral
[14/06/2016 01:47] jonyroda97(98159081583292416) deleted 500 messages in channel geral
[14/06/2016 01:47] jonyroda97(98159081583292416) deleted 500 messages in channel geral
[14/06/2016 01:48] jonyroda97(98159081583292416) deleted 500 messages in channel geral
[14/06/2016 01:52] jonyroda97(98159081583292416) deleted 500 messages in channel geral
[14/06/2016 01:56] jonyroda97(98159081583292416) deleted 500 messages in channel geral
[14/06/2016 01:57] jonyroda97(98159081583292416) deleted 500 messages in channel geral
[14/06/2016 01:59] jonyroda97(98159081583292416) deleted 500 messages in channel geral
[14/06/2016 02:03] jonyroda97(98159081583292416) deleted 500 messages in channel geral
[14/06/2016 02:04] jonyroda97(98159081583292416) deleted 500 messages in channel geral
[14/06/2016 02:05] jonyroda97(98159081583292416) deleted 500 messages in channel geral
[14/06/2016 02:05] jonyroda97(98159081583292416) deleted 500 messages in channel geral
[14/06/2016 02:06] jonyroda97(98159081583292416) deleted 500 messages in channel geral
[14/06/2016 02:12] jonyroda97(98159081583292416) deleted 500 messages in channel geral
[14/06/2016 02:14] jonyroda97(98159081583292416) deleted 500 messages in channel geral
[14/06/2016 02:18] jonyroda97(98159081583292416) deleted 500 messages in channel geral
[14/06/2016 02:21] jonyroda97(98159081583292416) deleted 500 messages in channel geral
[14/06/2016 13:20] jonyroda97(98159081583292416) deleted 500 messages in channel geral
[14/06/2016 21:54] jonyroda97(98159081583292416) deleted 500 messages in channel geral
[14/06/2016 21:55] jonyroda97(98159081583292416) deleted 500 messages in channel geral
[14/06/2016 21:55] jonyroda97(98159081583292416) deleted 500 messages in channel geral
[14/06/2016 22:25] jonyroda97(98159081583292416) deleted 500 messages in channel geral
[14/06/2016 22:36] jonyroda97(98159081583292416) deleted 500 messages in channel geral
[14/06/2016 22:36] jonyroda97(98159081583292416) deleted 500 messages in channel geral
[15/06/2016 20:46] jonyroda97(98159081583292416) deleted 500 messages in channel geral
[16/06/2016 01:08] jonyroda97(98159081583292416) deleted 500 messages in channel geral
[16/06/2016 14:58] jonyroda97(98159081583292416) deleted 500 messages in channel geral
[16/06/2016 14:59] jonyroda97(98159081583292416) deleted 500 messages in channel geral
[19/06/2016 04:08] jonyroda97(98159081583292416) deleted 500 messages in channel geral
[19/06/2016 04:08] jonyroda97(98159081583292416) deleted 500 messages in channel geral
[26/06/2016 00:30] jonyroda97(98159081583292416) deleted 500 messages in channel geral
[26/06/2016 00:31] jonyroda97(98159081583292416) deleted 500 messages in channel geral
[26/06/2016 16:28] jonyroda97(98159081583292416) deleted 500 messages in channel geral
[26/06/2016 17:09] jonyroda97(98159081583292416) deleted 500 messages in channel geral
[26/06/2016 17:33] jonyroda97(98159081583292416) deleted 500 messages in channel geral
[26/06/2016 19:00] jonyroda97(98159081583292416) deleted 500 messages in channel geral
[26/06/2016 19:00] jonyroda97(98159081583292416) deleted 500 messages in channel geral
[26/06/2016 20:42] jonyroda97(98159081583292416) deleted 500 messages in channel geral
[26/06/2016 20:48] jonyroda97(98159081583292416) deleted 500 messages in channel geral
[26/06/2016 20:48] jonyroda97(98159081583292416) deleted 500 messages in channel geral
[27/06/2016 00:19] jonyroda97(98159081583292416) deleted 500 messages in channel bots
[27/06/2016 23:14] jonyroda97(98159081583292416) deleted 500 messages in channel geral
[12/07/2016 21:13] jonyroda97(98159081583292416) deleted 500 messages in channel geral
[12/07/2016 21:15] jonyroda97(98159081583292416) deleted 500 messages in channel geral
[21/07/2016 02:42] jonyroda97(98159081583292416) deleted 500 messages in channel geral
[21/07/2016 13:16] jonyroda97(98159081583292416) deleted 500 messages in channel geral
[21/07/2016 13:18] jonyroda97(98159081583292416) deleted 500 messages in channel geral
[21/07/2016 13:31] jonyroda97(98159081583292416) deleted 500 messages in channel geral
[21/07/2016 13:32] jonyroda97(98159081583292416) deleted 50 messages in channel bots
[21/07/2016 13:32] jonyroda97(98159081583292416) deleted 50 messages in channel bots
[28/08/2016 22:40] jonyroda97(98159081583292416) deleted 500 messages in channel geral
[16/09/2016 22:03] jonyroda97(98159081583292416) deleted 500 messages in channel bots
[16/09/2016 22:10] jonyroda97(98159081583292416) deleted 500 messages in channel bots
[20/09/2016 19:06] jonyroda97(98159081583292416) deleted 5 messages in channel bots
[20/09/2016 19:06] jonyroda97(98159081583292416) deleted 3 messages in channel bots
[28/10/2016 19:55] jonyroda97(98159081583292416) deleted 5 messages in channel bots
[28/10/2016 19:55] jonyroda97(98159081583292416) deleted 25 messages in channel bots
[28/10/2016 19:56] jonyroda97(98159081583292416) deleted 8 messages in channel bots
[28/10/2016 19:57] jonyroda97(98159081583292416) deleted 1 messages in channel bots
[17/11/2016 19:01] jonyroda97(98159081583292416) deleted 15 messages in channel geral
[17/11/2016 19:15] jonyroda97(98159081583292416) deleted 5 messages in channel bots
[17/11/2016 19:17] jonyroda97(98159081583292416) deleted 100 messages in channel mod_log
[18/11/2016 01:43] jonyroda97(98159081583292416) deleted 10 messages in channel geral
[18/11/2016 01:44] jonyroda97(98159081583292416) deleted 15 messages in channel geral
[22/11/2016 20:33] jonyroda97(98159081583292416) deleted 10 messages in channel geral
[22/11/2016 20:33] jonyroda97(98159081583292416) deleted 1 messages in channel geral
[25/11/2016 19:35] MUSIC SOLUTIONS(166006091119853568) deleted 2 messages in channel bots
[01/12/2016 02:08] jonyroda97(98159081583292416) deleted 2 messages in channel geral
[10/12/2016 16:26] jonyroda97(98159081583292416) deleted 5 messages in channel geral
[10/12/2016 16:26] jonyroda97(98159081583292416) deleted 5 messages in channel geral
[10/12/2016 16:26] jonyroda97(98159081583292416) deleted 15 messages in channel geral
[10/12/2016 16:26] jonyroda97(98159081583292416) deleted 15 messages in channel geral
[10/12/2016 16:26] jonyroda97(98159081583292416) deleted 1 messages in channel geral
[13/12/2016 23:51] jonyroda97(98159081583292416) deleted 15 messages in channel bots
[16/12/2016 18:29] jonyroda97(98159081583292416) deleted 7 messages in channel bots
[16/12/2016 18:29] jonyroda97(98159081583292416) deleted 3 messages in channel bots
[20/12/2016 14:39] jonyroda97(98159081583292416) deleted 1 messages in channel bots
[20/12/2016 15:31] jonyroda97(98159081583292416) deleted 4 messages in channel bots
[21/12/2016 22:20] jonyroda97(98159081583292416) deleted 6 messages in channel geral
[27/12/2016 01:00] jonyroda97(98159081583292416) deleted 2 messages in channel mod_log
[27/12/2016 22:25] jonyroda97(98159081583292416) deleted 3 messages in channel geral
[20/01/2017 01:29] jonyroda97(98159081583292416) deleted 10 messages in channel bots
[20/01/2017 01:29] jonyroda97(98159081583292416) deleted 20 messages in channel bots
[20/01/2017 01:29] jonyroda97(98159081583292416) deleted 20 messages in channel bots
[20/01/2017 01:30] jonyroda97(98159081583292416) deleted 5 messages in channel bots
[20/01/2017 01:30] jonyroda97(98159081583292416) deleted 5 messages in channel bots
[20/01/2017 01:30] jonyroda97(98159081583292416) deleted 5 messages in channel bots
[28/01/2017 00:19] jonyroda97(98159081583292416) deleted 1 messages in channel bots
[28/01/2017 00:19] jonyroda97(98159081583292416) deleted 1 messages in channel bots
[28/01/2017 00:19] jonyroda97(98159081583292416) deleted 1 messages in channel bots
[28/01/2017 00:19] jonyroda97(98159081583292416) deleted 1 messages in channel bots
[28/01/2017 00:21] jonyroda97(98159081583292416) deleted 1 messages in channel bots
[31/01/2017 16:57] jonyroda97(98159081583292416) deleted 2 messages in channel geral
[02/02/2017 00:21] jonyroda97(98159081583292416) deleted 2 messages in channel bots
[06/02/2017 23:47] jonyroda97(98159081583292416) deleted 1 messages in channel mod_log
[06/02/2017 23:47] jonyroda97(98159081583292416) deleted 1 messages in channel mod_log
[07/02/2017 00:00] jonyroda97(98159081583292416) deleted 5 messages in channel bots
[07/02/2017 00:00] jonyroda97(98159081583292416) deleted 10 messages in channel bots
[07/02/2017 00:00] jonyroda97(98159081583292416) deleted 4 messages in channel bots
[07/02/2017 00:05] jonyroda97(98159081583292416) deleted 5 messages in channel bots
[07/02/2017 22:15] jonyroda97(98159081583292416) deleted 1 messages in channel bots
[07/02/2017 22:15] jonyroda97(98159081583292416) deleted 1 messages in channel bots
[07/02/2017 22:15] jonyroda97(98159081583292416) deleted 1 messages in channel bots
[07/02/2017 22:15] jonyroda97(98159081583292416) deleted 1 messages in channel bots
[07/02/2017 22:17] jonyroda97(98159081583292416) deleted 1 messages in channel bots
[07/02/2017 22:17] jonyroda97(98159081583292416) deleted 2 messages in channel bots
[10/02/2017 22:54] jonyroda97(98159081583292416) deleted 1 messages in channel mod_log
[13/02/2017 17:48] jonyroda97(98159081583292416) deleted 6 messages in channel geral
[13/02/2017 17:48] jonyroda97(98159081583292416) deleted 4 messages in channel geral
[13/02/2017 17:48] jonyroda97(98159081583292416) deleted 9 messages in channel geral
[13/02/2017 18:12] jonyroda97(98159081583292416) deleted 2 messages in channel geral
[13/02/2017 18:12] jonyroda97(98159081583292416) deleted 4 messages in channel geral
[15/02/2017 23:43] jonyroda97(98159081583292416) deleted 2 messages in channel mod_log
[15/02/2017 23:47] jonyroda97(98159081583292416) deleted 15 messages in channel geral
[16/02/2017 00:29] jonyroda97(98159081583292416) deleted 6 messages  made by jonyroda97(98159081583292416) in channel geral
[16/02/2017 00:30] jonyroda97(98159081583292416) deleted 4 messages in channel geral
[16/02/2017 00:36] jonyroda97(98159081583292416) deleted 6 messages in channel geral
[16/02/2017 00:38] jonyroda97(98159081583292416) deleted 15 messages in channel red_stats
[16/02/2017 00:44] jonyroda97(98159081583292416) deleted 100000 messages in channel red_stats
[16/02/2017 00:44] jonyroda97(98159081583292416) deleted 1000000 messages in channel mod_log
[16/02/2017 00:53] jonyroda97(98159081583292416) deleted 15 messages in channel bots
[16/02/2017 01:02] jonyroda97(98159081583292416) deleted 4 messages in channel bots
[16/02/2017 01:04] jonyroda97(98159081583292416) deleted 2 messages in channel bots
[16/02/2017 02:36] jonyroda97(98159081583292416) deleted 2 messages in channel bots
[16/02/2017 03:29] jonyroda97(98159081583292416) deleted 4 messages in channel bots
[21/02/2017 22:05] jonyroda97(98159081583292416) deleted 6 messages in channel geral
[21/02/2017 22:06] jonyroda97(98159081583292416) deleted 2 messages in channel geral
[21/02/2017 22:21] jonyroda97(98159081583292416) deleted 2 messages in channel geral
[21/02/2017 22:21] jonyroda97(98159081583292416) deleted 2 messages in channel geral
[21/02/2017 22:21] jonyroda97(98159081583292416) deleted 2 messages in channel geral
[21/02/2017 22:21] jonyroda97(98159081583292416) deleted 2 messages in channel geral
[23/02/2017 00:06] jonyroda97(98159081583292416) deleted 2 messages in channel geral
[28/02/2017 22:44] jonyroda97(98159081583292416) deleted 1 messages in channel importante
[03/03/2017 15:03] jonyroda97(98159081583292416) deleted 4 messages in channel importante
[04/03/2017 16:28] jonyroda97(98159081583292416) deleted 4 messages in channel geral
[04/03/2017 16:29] jonyroda97(98159081583292416) deleted 4 messages in channel importante
[04/03/2017 16:29] jonyroda97(98159081583292416) deleted 2 messages in channel csgo
[04/03/2017 16:29] jonyroda97(98159081583292416) deleted 2 messages in channel mod_log
[05/03/2017 18:20] jonyroda97(98159081583292416) deleted 4 messages in channel geral
[05/03/2017 18:21] jonyroda97(98159081583292416) deleted 7 messages in channel geral
[05/03/2017 20:06] jonyroda97(98159081583292416) deleted 3 messages in channel geral
[06/03/2017 15:48] jonyroda97(98159081583292416) deleted 4 messages in channel geral
[06/03/2017 15:53] jonyroda97(98159081583292416) deleted 2 messages in channel geral
[07/03/2017 20:49] jonyroda97(98159081583292416) deleted 10 messages in channel geral
[07/03/2017 22:12] jonyroda97(98159081583292416) deleted 2 messages in channel geral
[07/03/2017 22:15] jonyroda97(98159081583292416) deleted 4 messages in channel geral
[13/03/2017 10:55] jonyroda97(98159081583292416) deleted 9 messages in channel geral
[16/03/2017 00:35] jonyroda97(98159081583292416) deleted 4 messages in channel bots
[16/03/2017 00:35] jonyroda97(98159081583292416) deleted 2 messages in channel bots
[23/03/2017 21:11] jonyroda97(98159081583292416) deleted 4 messages in channel geral
[23/03/2017 21:11] jonyroda97(98159081583292416) deleted 3 messages in channel geral
[23/03/2017 21:11] jonyroda97(98159081583292416) deleted 1 messages in channel geral
[23/03/2017 21:16] jonyroda97(98159081583292416) deleted 2 messages in channel geral
[24/03/2017 22:08] jonyroda97(98159081583292416) deleted 5 messages in channel geral
[01/04/2017 14:45] jonyroda97(98159081583292416) deleted 5 messages in channel bots
[06/04/2017 19:30] jonyroda97(98159081583292416) deleted 2 messages in channel geral
[10/04/2017 00:56] jonyroda97(98159081583292416) deleted 9 messages sent by the bot in channel pilamole
[10/04/2017 01:09] jonyroda97(98159081583292416) deleted 1 messages sent by the bot in channel pilamole
[10/04/2017 01:09] jonyroda97(98159081583292416) deleted 1 messages sent by the bot in channel pilamole
[26/04/2017 21:32] jonyroda97(98159081583292416) deleted 8 messages in channel geral
[27/04/2017 15:41] jonyroda97(98159081583292416) deleted 8 messages in channel geral
[08/05/2017 17:59] jonyroda97(98159081583292416) deleted 10 messages in channel geral
[08/05/2017 17:59] jonyroda97(98159081583292416) deleted 10 messages in channel geral
[08/05/2017 17:59] jonyroda97(98159081583292416) deleted 10 messages in channel geral
[16/05/2017 20:35] jonyroda97(98159081583292416) deleted 6 messages in channel geral
[25/05/2017 23:05] jonyroda97(98159081583292416) deleted 3 messages in channel geral
[31/05/2017 01:19] jonyroda97(98159081583292416) deleted 50 messages sent by the bot in channel geral
[13/06/2017 22:54] jonyroda97(98159081583292416) deleted 3 messages in channel geral
[27/06/2017 15:38] jonyroda97(98159081583292416) deleted 2 messages in channel geral
[05/07/2017 01:12] jonyroda97(98159081583292416) deleted 2 messages in channel geral
