2017-03-04 16:29:00.881000 #bots @jonyroda97#9104: .channellogger
2017-03-04 16:29:01.036000 #bots @Amigos Prováveis#6605: Logging enabled for #bots
2017-03-04 22:18:07 #bots @jonyroda97#9104: ap.pl add joao16 https://www.youtube.com/playlist?list=PLv2bnB-7iVJqLd2WyhIIqXA0MqRkfSDoo
2017-03-04 22:18:07.722000 #bots @Amigos Prováveis#6605: Enumerating song list... This could take a few moments.
2017-03-04 22:18:11.600000 #bots @Amigos Prováveis#6605: Playlist 'joao16' saved. Tracks: 563
2017-03-04 22:18:20 #bots @jonyroda97#9104: ap.pl add joao17 https://www.youtube.com/playlist?list=PLv2bnB-7iVJrvTjiL4iuNYtkUwMVSsl1C
2017-03-04 22:18:20.601000 #bots @Amigos Prováveis#6605: Enumerating song list... This could take a few moments.
2017-03-04 22:18:23.635000 #bots @Amigos Prováveis#6605: Playlist 'joao17' saved. Tracks: 435
2017-03-04 22:18:27 #bots @jonyroda97#9104: ap.pl add proximity https://www.youtube.com/playlist?list=UU3ifTl5zKiCAhHIBQYcaTeg
2017-03-04 22:18:27.608000 #bots @Amigos Prováveis#6605: Enumerating song list... This could take a few moments.
2017-03-04 22:18:32.077000 #bots @Amigos Prováveis#6605: Playlist 'proximity' saved. Tracks: 744
2017-03-04 22:19:00 #bots @jonyroda97#9104: ap.pl add top https://www.youtube.com/playlist?list=PLx0sYbCqOb8TBPRdmBHs5Iftvv9TPboYG
2017-03-04 22:19:00.088000 #bots @Amigos Prováveis#6605: Enumerating song list... This could take a few moments.
2017-03-04 22:19:02.151000 #bots @Amigos Prováveis#6605: Playlist 'top' saved. Tracks: 250
2017-03-04 22:19:32 #bots @jonyroda97#9104: ap.pl add trap https://www.youtube.com/playlist?list=UUa10nxShhzNrCE1o2ZOPztg
2017-03-04 22:19:32.198000 #bots @Amigos Prováveis#6605: Enumerating song list... This could take a few moments.
2017-03-04 22:19:38.183000 #bots @Amigos Prováveis#6605: Playlist 'trap' saved. Tracks: 992
2017-03-04 22:20:01 #bots @jonyroda97#9104: ap.pl add monstercat https://www.youtube.com/playlist?list=UUJ6td3C9QlPO9O_J5dF4ZzA
2017-03-04 22:20:01.127000 #bots @Amigos Prováveis#6605: Enumerating song list... This could take a few moments.
2017-03-04 22:20:07.356000 #bots @Amigos Prováveis#6605: Playlist 'monstercat' saved. Tracks: 1100
2017-03-05 02:41:24.221000 #bots @jonyroda97#9104: .cog update
2017-03-05 02:41:24.488000 #bots @Amigos Prováveis#6605: Downloading updated cogs, please wait...  0/8 repos updated
2017-03-05 02:41:24.488000 #bots @Amigos Prováveis#6605: EDIT: 
Before: Downloading updated cogs, please wait...  0/8 repos updated
After: Downloading updated cogs, please wait...  1/8 repos updated
2017-03-05 02:41:24.488000 #bots @Amigos Prováveis#6605: EDIT: 
Before: Downloading updated cogs, please wait...  1/8 repos updated
After: Downloading updated cogs, please wait...  5/8 repos updated
2017-03-05 02:41:24.488000 #bots @Amigos Prováveis#6605: EDIT: 
Before: Downloading updated cogs, please wait...  5/8 repos updated
After: Downloading updated cogs, please wait... done.  No updates to apply.
2017-03-05 10:18:07 #bots @jonyroda97#9104: ap.pl add joao16 https://www.youtube.com/playlist?list=PLv2bnB-7iVJqLd2WyhIIqXA0MqRkfSDoo
2017-03-05 10:18:07.435000 #bots @Amigos Prováveis#6605: Enumerating song list... This could take a few moments.
2017-03-05 10:18:11.334000 #bots @Amigos Prováveis#6605: Playlist 'joao16' saved. Tracks: 563
2017-03-05 10:18:20 #bots @jonyroda97#9104: ap.pl add joao17 https://www.youtube.com/playlist?list=PLv2bnB-7iVJrvTjiL4iuNYtkUwMVSsl1C
2017-03-05 10:18:20.493000 #bots @Amigos Prováveis#6605: Enumerating song list... This could take a few moments.
2017-03-05 10:18:23.655000 #bots @Amigos Prováveis#6605: Playlist 'joao17' saved. Tracks: 465
2017-03-05 10:18:27 #bots @jonyroda97#9104: ap.pl add proximity https://www.youtube.com/playlist?list=UU3ifTl5zKiCAhHIBQYcaTeg
2017-03-05 10:18:27.493000 #bots @Amigos Prováveis#6605: Enumerating song list... This could take a few moments.
2017-03-05 10:18:31.800000 #bots @Amigos Prováveis#6605: Playlist 'proximity' saved. Tracks: 745
2017-03-05 10:19:00 #bots @jonyroda97#9104: ap.pl add top https://www.youtube.com/playlist?list=PLx0sYbCqOb8TBPRdmBHs5Iftvv9TPboYG
2017-03-05 10:19:00.797000 #bots @Amigos Prováveis#6605: Enumerating song list... This could take a few moments.
2017-03-05 10:19:01.568000 #bots @Amigos Prováveis#6605: `Error in command 'playlist add' - KeyError: 'content_html'`
2017-03-05 10:19:32 #bots @jonyroda97#9104: ap.pl add trap https://www.youtube.com/playlist?list=UUa10nxShhzNrCE1o2ZOPztg
2017-03-05 10:19:32.791000 #bots @Amigos Prováveis#6605: Enumerating song list... This could take a few moments.
2017-03-05 10:19:38.360000 #bots @Amigos Prováveis#6605: Playlist 'trap' saved. Tracks: 992
2017-03-05 10:20:01 #bots @jonyroda97#9104: ap.pl add monstercat https://www.youtube.com/playlist?list=UUJ6td3C9QlPO9O_J5dF4ZzA
2017-03-05 10:20:01.391000 #bots @Amigos Prováveis#6605: Enumerating song list... This could take a few moments.
2017-03-05 10:20:08.292000 #bots @Amigos Prováveis#6605: Playlist 'monstercat' saved. Tracks: 1100
2017-03-05 22:18:06 #bots @jonyroda97#9104: ap.pl add joao16 https://www.youtube.com/playlist?list=PLv2bnB-7iVJqLd2WyhIIqXA0MqRkfSDoo
2017-03-05 22:18:07.046000 #bots @Amigos Prováveis#6605: Enumerating song list... This could take a few moments.
2017-03-05 22:18:10.859000 #bots @Amigos Prováveis#6605: Playlist 'joao16' saved. Tracks: 563
2017-03-05 22:18:20 #bots @jonyroda97#9104: ap.pl add joao17 https://www.youtube.com/playlist?list=PLv2bnB-7iVJrvTjiL4iuNYtkUwMVSsl1C
2017-03-05 22:18:20.096000 #bots @Amigos Prováveis#6605: Enumerating song list... This could take a few moments.
2017-03-05 22:18:23.291000 #bots @Amigos Prováveis#6605: Playlist 'joao17' saved. Tracks: 466
2017-03-05 22:18:27 #bots @jonyroda97#9104: ap.pl add proximity https://www.youtube.com/playlist?list=UU3ifTl5zKiCAhHIBQYcaTeg
2017-03-05 22:18:27.015000 #bots @Amigos Prováveis#6605: Enumerating song list... This could take a few moments.
2017-03-05 22:18:31.226000 #bots @Amigos Prováveis#6605: Playlist 'proximity' saved. Tracks: 745
2017-03-05 22:19:00 #bots @jonyroda97#9104: ap.pl add top https://www.youtube.com/playlist?list=PLx0sYbCqOb8TBPRdmBHs5Iftvv9TPboYG
2017-03-05 22:19:00.333000 #bots @Amigos Prováveis#6605: Enumerating song list... This could take a few moments.
2017-03-05 22:19:02.292000 #bots @Amigos Prováveis#6605: Playlist 'top' saved. Tracks: 250
2017-03-05 22:19:32 #bots @jonyroda97#9104: ap.pl add trap https://www.youtube.com/playlist?list=UUa10nxShhzNrCE1o2ZOPztg
2017-03-05 22:19:32.258000 #bots @Amigos Prováveis#6605: Enumerating song list... This could take a few moments.
2017-03-05 22:19:37.710000 #bots @Amigos Prováveis#6605: Playlist 'trap' saved. Tracks: 993
2017-03-05 22:20:01 #bots @jonyroda97#9104: ap.pl add monstercat https://www.youtube.com/playlist?list=UUJ6td3C9QlPO9O_J5dF4ZzA
2017-03-05 22:20:01.667000 #bots @Amigos Prováveis#6605: Enumerating song list... This could take a few moments.
2017-03-05 22:20:02.485000 #bots @Amigos Prováveis#6605: `Error in command 'playlist add' - KeyError: 'content_html'`
2017-03-05 22:48:12.988000 #bots @jonyroda97#9104: .stop
2017-03-05 22:48:13.141000 #bots @Amigos Prováveis#6605: Stopping...
2017-03-06 01:34:19.086000 #bots @Amigos Prováveis#6605: @​here
2017-03-06 01:34:19.086000 #bots @Amigos Prováveis#6605: @​here
2017-03-06 02:56:49.310000 #bots @Amigos Prováveis#6605: @​here
2017-03-06 02:56:49.310000 #bots @Amigos Prováveis#6605: @​here
2017-03-06 10:18:07 #bots @jonyroda97#9104: ap.pl add joao16 https://www.youtube.com/playlist?list=PLv2bnB-7iVJqLd2WyhIIqXA0MqRkfSDoo
2017-03-06 10:18:08.076000 #bots @Amigos Prováveis#6605: Enumerating song list... This could take a few moments.
2017-03-06 10:18:12.331000 #bots @Amigos Prováveis#6605: Playlist 'joao16' saved. Tracks: 563
2017-03-06 10:18:20 #bots @jonyroda97#9104: ap.pl add joao17 https://www.youtube.com/playlist?list=PLv2bnB-7iVJrvTjiL4iuNYtkUwMVSsl1C
2017-03-06 10:18:21.076000 #bots @Amigos Prováveis#6605: Enumerating song list... This could take a few moments.
2017-03-06 10:18:24.417000 #bots @Amigos Prováveis#6605: Playlist 'joao17' saved. Tracks: 466
2017-03-06 10:18:27 #bots @jonyroda97#9104: ap.pl add proximity https://www.youtube.com/playlist?list=UU3ifTl5zKiCAhHIBQYcaTeg
2017-03-06 10:18:28.074000 #bots @Amigos Prováveis#6605: Enumerating song list... This could take a few moments.
2017-03-06 10:18:31.892000 #bots @Amigos Prováveis#6605: Playlist 'proximity' saved. Tracks: 746
2017-03-06 10:19:00 #bots @jonyroda97#9104: ap.pl add top https://www.youtube.com/playlist?list=PLx0sYbCqOb8TBPRdmBHs5Iftvv9TPboYG
2017-03-06 10:19:00.854000 #bots @Amigos Prováveis#6605: Enumerating song list... This could take a few moments.
2017-03-06 10:19:02.942000 #bots @Amigos Prováveis#6605: Playlist 'top' saved. Tracks: 250
2017-03-06 10:19:10 #bots @jonyroda97#9104: ap.pl add zuca https://www.youtube.com/playlist?list=PLcKj4-geSRBceJrVxtTUcnyeExwyr2YVw
2017-03-06 10:19:10.840000 #bots @Amigos Prováveis#6605: Enumerating song list... This could take a few moments.
2017-03-06 10:19:11.468000 #bots @Amigos Prováveis#6605: Playlist 'zuca' saved. Tracks: 19
2017-03-06 10:19:32 #bots @jonyroda97#9104: ap.pl add trap https://www.youtube.com/playlist?list=UUa10nxShhzNrCE1o2ZOPztg
2017-03-06 10:19:32.834000 #bots @Amigos Prováveis#6605: Enumerating song list... This could take a few moments.
2017-03-06 10:19:38.501000 #bots @Amigos Prováveis#6605: Playlist 'trap' saved. Tracks: 993
2017-03-06 10:20:01 #bots @jonyroda97#9104: ap.pl add monstercat https://www.youtube.com/playlist?list=UUJ6td3C9QlPO9O_J5dF4ZzA
2017-03-06 10:20:01.541000 #bots @Amigos Prováveis#6605: Enumerating song list... This could take a few moments.
2017-03-06 10:20:07.548000 #bots @Amigos Prováveis#6605: Playlist 'monstercat' saved. Tracks: 1100
2017-03-06 22:18:07 #bots @jonyroda97#9104: ap.pl add joao16 https://www.youtube.com/playlist?list=PLv2bnB-7iVJqLd2WyhIIqXA0MqRkfSDoo
2017-03-06 22:18:07.212000 #bots @Amigos Prováveis#6605: Enumerating song list... This could take a few moments.
2017-03-06 22:18:10.444000 #bots @Amigos Prováveis#6605: Playlist 'joao16' saved. Tracks: 563
2017-03-06 22:18:20 #bots @jonyroda97#9104: ap.pl add joao17 https://www.youtube.com/playlist?list=PLv2bnB-7iVJrvTjiL4iuNYtkUwMVSsl1C
2017-03-06 22:18:20.154000 #bots @Amigos Prováveis#6605: Enumerating song list... This could take a few moments.
2017-03-06 22:18:22.542000 #bots @Amigos Prováveis#6605: Playlist 'joao17' saved. Tracks: 467
2017-03-06 22:18:27 #bots @jonyroda97#9104: ap.pl add proximity https://www.youtube.com/playlist?list=UU3ifTl5zKiCAhHIBQYcaTeg
2017-03-06 22:18:27.237000 #bots @Amigos Prováveis#6605: Enumerating song list... This could take a few moments.
2017-03-06 22:18:31.303000 #bots @Amigos Prováveis#6605: Playlist 'proximity' saved. Tracks: 747
2017-03-06 22:19:00 #bots @jonyroda97#9104: ap.pl add top https://www.youtube.com/playlist?list=PLx0sYbCqOb8TBPRdmBHs5Iftvv9TPboYG
2017-03-06 22:19:00.375000 #bots @Amigos Prováveis#6605: Enumerating song list... This could take a few moments.
2017-03-06 22:19:01.763000 #bots @Amigos Prováveis#6605: Playlist 'top' saved. Tracks: 250
2017-03-06 22:19:10 #bots @jonyroda97#9104: ap.pl add zuca https://www.youtube.com/playlist?list=PLcKj4-geSRBceJrVxtTUcnyeExwyr2YVw
2017-03-06 22:19:10.268000 #bots @Amigos Prováveis#6605: Enumerating song list... This could take a few moments.
2017-03-06 22:19:10.986000 #bots @Amigos Prováveis#6605: Playlist 'zuca' saved. Tracks: 19
2017-03-06 22:19:32 #bots @jonyroda97#9104: ap.pl add trap https://www.youtube.com/playlist?list=UUa10nxShhzNrCE1o2ZOPztg
2017-03-06 22:19:32.738000 #bots @Amigos Prováveis#6605: Enumerating song list... This could take a few moments.
2017-03-06 22:19:38.165000 #bots @Amigos Prováveis#6605: Playlist 'trap' saved. Tracks: 994
2017-03-06 22:20:01 #bots @jonyroda97#9104: ap.pl add monstercat https://www.youtube.com/playlist?list=UUJ6td3C9QlPO9O_J5dF4ZzA
2017-03-06 22:20:01.211000 #bots @Amigos Prováveis#6605: Enumerating song list... This could take a few moments.
2017-03-06 22:20:06.669000 #bots @Amigos Prováveis#6605: Playlist 'monstercat' saved. Tracks: 1100
2017-03-06 22:23:21.207000 #bots @jonyroda97#9104: .cog update
2017-03-06 22:23:21.474000 #bots @Amigos Prováveis#6605: Downloading updated cogs, please wait...  0/8 repos updated
2017-03-06 22:23:21.474000 #bots @Amigos Prováveis#6605: EDIT: 
Before: Downloading updated cogs, please wait...  0/8 repos updated
After: Downloading updated cogs, please wait...  1/8 repos updated
2017-03-06 22:23:21.474000 #bots @Amigos Prováveis#6605: EDIT: 
Before: Downloading updated cogs, please wait...  1/8 repos updated
After: Downloading updated cogs, please wait...  5/8 repos updated
2017-03-06 22:23:21.474000 #bots @Amigos Prováveis#6605: EDIT: 
Before: Downloading updated cogs, please wait...  5/8 repos updated
After: Downloading updated cogs, please wait... done. 
New cogs: 26/stickyroles.
Updated cogs: refactored/githubcards, jumper/russianroulette, mash/imdb.
2017-03-06 22:23:24.420000 #bots @Amigos Prováveis#6605: ```Prolog
Patch Notes for jumper/russianroulette
======================================
commit cf00fc97c4203cea4c1bfa9706a614a832ba0393
Author: Redjumpman <Redjumpman@users.noreply.github.com>
Date:   24 hours ago

    Hotfix RussainRoulette 2.1.1
    
    Fixed an issue when you tried to commit suicide you didn't get your bet back.
```
2017-03-06 22:23:24.522000 #bots @Amigos Prováveis#6605: Cogs updated. Reload updated cogs? (yes/no)
2017-03-06 22:23:39.622000 #bots @Amigos Prováveis#6605: Ok then, you can reload cogs with `.reload <cog_name>`
2017-03-06 22:23:39.744000 #bots @jonyroda97#9104: yes
2017-03-06 22:23:54.754000 #bots @jonyroda97#9104: .reload russianroulette
2017-03-06 22:23:54.926000 #bots @Amigos Prováveis#6605: Module reloaded.
2017-03-07 01:33:05.833000 #bots @Amigos Prováveis#6605: @​here
2017-03-07 01:33:05.833000 #bots @Amigos Prováveis#6605: @​here
2017-03-07 10:18:07 #bots @jonyroda97#9104: ap.pl add joao16 https://www.youtube.com/playlist?list=PLv2bnB-7iVJqLd2WyhIIqXA0MqRkfSDoo
2017-03-07 10:18:07.339000 #bots @Amigos Prováveis#6605: Enumerating song list... This could take a few moments.
2017-03-07 10:18:10.717000 #bots @Amigos Prováveis#6605: Playlist 'joao16' saved. Tracks: 563
2017-03-07 10:18:20 #bots @jonyroda97#9104: ap.pl add joao17 https://www.youtube.com/playlist?list=PLv2bnB-7iVJrvTjiL4iuNYtkUwMVSsl1C
2017-03-07 10:18:20.404000 #bots @Amigos Prováveis#6605: Enumerating song list... This could take a few moments.
2017-03-07 10:18:23.327000 #bots @Amigos Prováveis#6605: Playlist 'joao17' saved. Tracks: 467
2017-03-07 10:18:27 #bots @jonyroda97#9104: ap.pl add proximity https://www.youtube.com/playlist?list=UU3ifTl5zKiCAhHIBQYcaTeg
2017-03-07 10:18:27.432000 #bots @Amigos Prováveis#6605: Enumerating song list... This could take a few moments.
2017-03-07 10:18:31.031000 #bots @Amigos Prováveis#6605: Playlist 'proximity' saved. Tracks: 747
2017-03-07 10:19:00 #bots @jonyroda97#9104: ap.pl add top https://www.youtube.com/playlist?list=PLx0sYbCqOb8TBPRdmBHs5Iftvv9TPboYG
2017-03-07 10:19:00.976000 #bots @Amigos Prováveis#6605: Enumerating song list... This could take a few moments.
2017-03-07 10:19:02.389000 #bots @Amigos Prováveis#6605: Playlist 'top' saved. Tracks: 251
2017-03-07 10:19:10 #bots @jonyroda97#9104: ap.pl add zuca https://www.youtube.com/playlist?list=PLcKj4-geSRBceJrVxtTUcnyeExwyr2YVw
2017-03-07 10:19:11.032000 #bots @Amigos Prováveis#6605: Enumerating song list... This could take a few moments.
2017-03-07 10:19:11.646000 #bots @Amigos Prováveis#6605: Playlist 'zuca' saved. Tracks: 19
2017-03-07 10:19:32 #bots @jonyroda97#9104: ap.pl add trap https://www.youtube.com/playlist?list=UUa10nxShhzNrCE1o2ZOPztg
2017-03-07 10:19:32.995000 #bots @Amigos Prováveis#6605: Enumerating song list... This could take a few moments.
2017-03-07 10:19:37.718000 #bots @Amigos Prováveis#6605: Playlist 'trap' saved. Tracks: 994
2017-03-07 10:20:01 #bots @jonyroda97#9104: ap.pl add monstercat https://www.youtube.com/playlist?list=UUJ6td3C9QlPO9O_J5dF4ZzA
2017-03-07 10:20:01.830000 #bots @Amigos Prováveis#6605: Enumerating song list... This could take a few moments.
2017-03-07 10:20:07.064000 #bots @Amigos Prováveis#6605: Playlist 'monstercat' saved. Tracks: 1106
2017-03-07 20:48:49.428000 #bots @jonyroda97#9104: .cog update
2017-03-07 20:48:50.119000 #bots @Amigos Prováveis#6605: Downloading updated cogs, please wait...  0/8 repos updated
2017-03-07 20:48:50.119000 #bots @Amigos Prováveis#6605: EDIT: 
Before: Downloading updated cogs, please wait...  0/8 repos updated
After: Downloading updated cogs, please wait...  1/8 repos updated
2017-03-07 20:48:50.119000 #bots @Amigos Prováveis#6605: EDIT: 
Before: Downloading updated cogs, please wait...  1/8 repos updated
After: Downloading updated cogs, please wait...  5/8 repos updated
2017-03-07 20:48:50.119000 #bots @Amigos Prováveis#6605: EDIT: 
Before: Downloading updated cogs, please wait...  5/8 repos updated
After: Downloading updated cogs, please wait... done.  No updates to apply. 
New cogs: paddo/kill.
Updated cogs: paddo/customroles, paddo/lastfm.
2017-03-07 22:18:07 #bots @jonyroda97#9104: ap.pl add joao16 https://www.youtube.com/playlist?list=PLv2bnB-7iVJqLd2WyhIIqXA0MqRkfSDoo
2017-03-07 22:18:07.564000 #bots @Amigos Prováveis#6605: Enumerating song list... This could take a few moments.
2017-03-07 22:18:11.151000 #bots @Amigos Prováveis#6605: Playlist 'joao16' saved. Tracks: 563
2017-03-07 22:18:21 #bots @jonyroda97#9104: ap.pl add joao17 https://www.youtube.com/playlist?list=PLv2bnB-7iVJrvTjiL4iuNYtkUwMVSsl1C
2017-03-07 22:18:21.222000 #bots @Amigos Prováveis#6605: Enumerating song list... This could take a few moments.
2017-03-07 22:18:23.588000 #bots @Amigos Prováveis#6605: Playlist 'joao17' saved. Tracks: 467
2017-03-07 22:18:28 #bots @jonyroda97#9104: ap.pl add proximity https://www.youtube.com/playlist?list=UU3ifTl5zKiCAhHIBQYcaTeg
2017-03-07 22:18:28.363000 #bots @Amigos Prováveis#6605: Enumerating song list... This could take a few moments.
2017-03-07 22:18:32.370000 #bots @Amigos Prováveis#6605: Playlist 'proximity' saved. Tracks: 748
2017-03-07 22:19:00 #bots @jonyroda97#9104: ap.pl add top https://www.youtube.com/playlist?list=PLx0sYbCqOb8TBPRdmBHs5Iftvv9TPboYG
2017-03-07 22:19:00.522000 #bots @Amigos Prováveis#6605: Enumerating song list... This could take a few moments.
2017-03-07 22:19:02.402000 #bots @Amigos Prováveis#6605: Playlist 'top' saved. Tracks: 250
2017-03-07 22:19:10 #bots @jonyroda97#9104: ap.pl add zuca https://www.youtube.com/playlist?list=PLcKj4-geSRBceJrVxtTUcnyeExwyr2YVw
2017-03-07 22:19:11.091000 #bots @Amigos Prováveis#6605: Enumerating song list... This could take a few moments.
2017-03-07 22:19:11.742000 #bots @Amigos Prováveis#6605: Playlist 'zuca' saved. Tracks: 19
2017-03-08 01:14:27.688000 #bots @Amigos Prováveis#6605: @​here
2017-03-08 01:14:27.688000 #bots @Amigos Prováveis#6605: @​here
2017-03-08 19:44:37.049000 #bots @jonyroda97#9104: .cog update
2017-03-08 19:44:37.318000 #bots @Amigos Prováveis#6605: Downloading updated cogs, please wait...  0/8 repos updated
2017-03-08 19:44:37.318000 #bots @Amigos Prováveis#6605: EDIT: 
Before: Downloading updated cogs, please wait...  0/8 repos updated
After: Downloading updated cogs, please wait...  1/8 repos updated
2017-03-08 19:44:37.318000 #bots @Amigos Prováveis#6605: EDIT: 
Before: Downloading updated cogs, please wait...  1/8 repos updated
After: Downloading updated cogs, please wait...  5/8 repos updated
2017-03-08 19:44:37.318000 #bots @Amigos Prováveis#6605: EDIT: 
Before: Downloading updated cogs, please wait...  5/8 repos updated
After: Downloading updated cogs, please wait... done.  No updates to apply. 
Updated cogs: jumper/casino.
2017-03-09 22:12:12.435000 #bots @jonyroda97#9104: .cog update
2017-03-09 22:12:12.678000 #bots @Amigos Prováveis#6605: Downloading updated cogs, please wait...  0/8 repos updated
2017-03-09 22:12:12.678000 #bots @Amigos Prováveis#6605: EDIT: 
Before: Downloading updated cogs, please wait...  0/8 repos updated
After: Downloading updated cogs, please wait...  1/8 repos updated
2017-03-09 22:12:12.678000 #bots @Amigos Prováveis#6605: EDIT: 
Before: Downloading updated cogs, please wait...  1/8 repos updated
After: Downloading updated cogs, please wait...  5/8 repos updated
2017-03-09 22:12:12.678000 #bots @Amigos Prováveis#6605: EDIT: 
Before: Downloading updated cogs, please wait...  5/8 repos updated
After: Downloading updated cogs, please wait... done.  No updates to apply.
2017-03-09 22:33:25.615000 #bots @Amigos Prováveis#6605: @​here
2017-03-09 22:33:25.615000 #bots @Amigos Prováveis#6605: @​here
2017-03-09 23:12:03.184000 #bots @jonyroda97#9104: .stop
2017-03-09 23:12:03.303000 #bots @Amigos Prováveis#6605: Stopping...
2017-03-11 10:38:41.530000 #bots @jonyroda97#9104: .cog update
2017-03-11 10:38:41.882000 #bots @Amigos Prováveis#6605: Downloading updated cogs, please wait...  0/8 repos updated
2017-03-11 10:38:41.882000 #bots @Amigos Prováveis#6605: EDIT: 
Before: Downloading updated cogs, please wait...  0/8 repos updated
After: Downloading updated cogs, please wait...  1/8 repos updated
2017-03-11 10:38:41.882000 #bots @Amigos Prováveis#6605: EDIT: 
Before: Downloading updated cogs, please wait...  1/8 repos updated
After: Downloading updated cogs, please wait...  5/8 repos updated
2017-03-11 10:38:41.882000 #bots @Amigos Prováveis#6605: EDIT: 
Before: Downloading updated cogs, please wait...  5/8 repos updated
After: Downloading updated cogs, please wait... done.  No updates to apply.
2017-03-11 23:14:39.631000 #bots @Amigos Prováveis#6605: @​here
2017-03-11 23:14:39.631000 #bots @Amigos Prováveis#6605: @​here
2017-03-13 01:54:11.098000 #bots @Amigos Prováveis#6605: @​here
2017-03-13 01:54:11.098000 #bots @Amigos Prováveis#6605: @​here
2017-03-13 01:54:49.638000 #bots @jonyroda97#9104: .cog update
2017-03-13 01:54:50.367000 #bots @Amigos Prováveis#6605: Downloading updated cogs, please wait...  0/8 repos updated
2017-03-13 01:54:50.367000 #bots @Amigos Prováveis#6605: EDIT: 
Before: Downloading updated cogs, please wait...  0/8 repos updated
After: Downloading updated cogs, please wait...  1/8 repos updated
2017-03-13 01:54:50.367000 #bots @Amigos Prováveis#6605: EDIT: 
Before: Downloading updated cogs, please wait...  1/8 repos updated
After: Downloading updated cogs, please wait...  5/8 repos updated
2017-03-13 01:54:50.367000 #bots @Amigos Prováveis#6605: EDIT: 
Before: Downloading updated cogs, please wait...  5/8 repos updated
After: Downloading updated cogs, please wait... done. 
Updated cogs: refactored/antilink, refactored/google, refactored/massmove, refactored/punish, 26/trigger, jumper/casino, jumper/cookie.
2017-03-13 01:54:52.743000 #bots @Amigos Prováveis#6605: ```Prolog
Patch Notes for refactored/massmove
===================================
commit b0d7718085a58484ee9cb58826f5d7ba0ccafdb2
Author: Kowlin <boxedpp@gmail.com>
Date:   23 hours ago

    Added non-essential stuff:
    Added MPL 2.0 Licence to cogs that didn't had them
    Added Versions and Author fields to cogs that didn't had them
    Changed Install message on all cogs to streamline them between other cogs.
```
2017-03-13 01:54:52.973000 #bots @Amigos Prováveis#6605: ```Prolog
Patch Notes for refactored/punish
=================================
commit b0d7718085a58484ee9cb58826f5d7ba0ccafdb2
Author: Kowlin <boxedpp@gmail.com>
Date:   23 hours ago

    Added non-essential stuff:
    Added MPL 2.0 Licence to cogs that didn't had them
    Added Versions and Author fields to cogs that didn't had them
    Changed Install message on all cogs to streamline them between other cogs.

commit 8f8983438aeda074daed3a6d63e10b0ba52a9f46
Author: Kowlin <boxedpp@gmail.com>
Date:   3 hours ago

    World's dumbest bug fix...
```
2017-03-13 01:54:53.120000 #bots @Amigos Prováveis#6605: ```Prolog
Patch Notes for 26/trigger
==========================
commit 406818106a78e8e7a9b638d73036ec9b7019b2cf
Author: Twentysix <Twentysix26@users.noreply.github.com>
Date:   33 hours ago

    [Trigger] Added [p]triggerset channels
    
    This command allows the trigger to only be active on certain channels

commit b8d15adc832c673c5ce258c325b603dce25e25e5
Author: Twentysix <Twentysix26@users.noreply.github.com>
Date:   31 hours ago

    [Trigger] Allow reset of channel restrictions
```
2017-03-13 01:54:53.198000 #bots @Amigos Prováveis#6605: Cogs updated. Reload updated cogs? (yes/no)
2017-03-13 01:55:01.442000 #bots @jonyroda97#9104: yes
2017-03-13 01:55:01.568000 #bots @Amigos Prováveis#6605: Done. The following cogs were reloaded: massmove, punish, trigger
2017-03-13 10:18:07 #bots @jonyroda97#9104: ap.pl add joao16 https://www.youtube.com/playlist?list=PLv2bnB-7iVJqLd2WyhIIqXA0MqRkfSDoo
2017-03-13 10:18:07.472000 #bots @Amigos Prováveis#6605: Enumerating song list... This could take a few moments.
2017-03-13 10:18:11.262000 #bots @Amigos Prováveis#6605: Playlist 'joao16' saved. Tracks: 563
2017-03-13 10:18:20 #bots @jonyroda97#9104: ap.pl add joao17 https://www.youtube.com/playlist?list=PLv2bnB-7iVJrvTjiL4iuNYtkUwMVSsl1C
2017-03-13 10:18:20.464000 #bots @Amigos Prováveis#6605: Enumerating song list... This could take a few moments.
2017-03-13 10:18:23.671000 #bots @Amigos Prováveis#6605: Playlist 'joao17' saved. Tracks: 473
2017-03-13 10:18:27 #bots @jonyroda97#9104: ap.pl add proximity https://www.youtube.com/playlist?list=UU3ifTl5zKiCAhHIBQYcaTeg
2017-03-13 10:18:27.464000 #bots @Amigos Prováveis#6605: Enumerating song list... This could take a few moments.
2017-03-13 10:18:32.071000 #bots @Amigos Prováveis#6605: Playlist 'proximity' saved. Tracks: 751
2017-03-13 10:19:00 #bots @jonyroda97#9104: ap.pl add top https://www.youtube.com/playlist?list=PLx0sYbCqOb8TBPRdmBHs5Iftvv9TPboYG
2017-03-13 10:19:00.119000 #bots @Amigos Prováveis#6605: Enumerating song list... This could take a few moments.
2017-03-13 10:19:02.069000 #bots @Amigos Prováveis#6605: Playlist 'top' saved. Tracks: 250
2017-03-13 10:19:10 #bots @jonyroda97#9104: ap.pl add zuca https://www.youtube.com/playlist?list=PLcKj4-geSRBceJrVxtTUcnyeExwyr2YVw
2017-03-13 10:19:10.288000 #bots @Amigos Prováveis#6605: Enumerating song list... This could take a few moments.
2017-03-13 10:19:10.934000 #bots @Amigos Prováveis#6605: Playlist 'zuca' saved. Tracks: 19
2017-03-13 16:35:53.799000 #bots @jonyroda97#9104: .cog update
2017-03-13 16:35:54.162000 #bots @Amigos Prováveis#6605: Downloading updated cogs, please wait...  0/8 repos updated
2017-03-13 16:35:54.162000 #bots @Amigos Prováveis#6605: EDIT: 
Before: Downloading updated cogs, please wait...  0/8 repos updated
After: Downloading updated cogs, please wait...  1/8 repos updated
2017-03-13 16:35:54.162000 #bots @Amigos Prováveis#6605: EDIT: 
Before: Downloading updated cogs, please wait...  1/8 repos updated
After: Downloading updated cogs, please wait...  5/8 repos updated
2017-03-13 16:35:54.162000 #bots @Amigos Prováveis#6605: EDIT: 
Before: Downloading updated cogs, please wait...  5/8 repos updated
After: Downloading updated cogs, please wait... done.  No updates to apply.
2017-03-13 22:18:07 #bots @jonyroda97#9104: ap.pl add joao16 https://www.youtube.com/playlist?list=PLv2bnB-7iVJqLd2WyhIIqXA0MqRkfSDoo
2017-03-13 22:18:07.434000 #bots @Amigos Prováveis#6605: Enumerating song list... This could take a few moments.
2017-03-13 22:18:11.270000 #bots @Amigos Prováveis#6605: Playlist 'joao16' saved. Tracks: 563
2017-03-13 22:18:20 #bots @jonyroda97#9104: ap.pl add joao17 https://www.youtube.com/playlist?list=PLv2bnB-7iVJrvTjiL4iuNYtkUwMVSsl1C
2017-03-13 22:18:20.349000 #bots @Amigos Prováveis#6605: Enumerating song list... This could take a few moments.
2017-03-13 22:18:23.445000 #bots @Amigos Prováveis#6605: Playlist 'joao17' saved. Tracks: 473
2017-03-13 22:18:27 #bots @jonyroda97#9104: ap.pl add proximity https://www.youtube.com/playlist?list=UU3ifTl5zKiCAhHIBQYcaTeg
2017-03-13 22:18:27.502000 #bots @Amigos Prováveis#6605: Enumerating song list... This could take a few moments.
2017-03-13 22:18:31.760000 #bots @Amigos Prováveis#6605: Playlist 'proximity' saved. Tracks: 752
2017-03-13 22:19:00 #bots @jonyroda97#9104: ap.pl add top https://www.youtube.com/playlist?list=PLx0sYbCqOb8TBPRdmBHs5Iftvv9TPboYG
2017-03-13 22:19:00.458000 #bots @Amigos Prováveis#6605: Enumerating song list... This could take a few moments.
2017-03-13 22:19:01.846000 #bots @Amigos Prováveis#6605: Playlist 'top' saved. Tracks: 250
2017-03-13 22:19:10 #bots @jonyroda97#9104: ap.pl add zuca https://www.youtube.com/playlist?list=PLcKj4-geSRBceJrVxtTUcnyeExwyr2YVw
2017-03-13 22:19:10.466000 #bots @Amigos Prováveis#6605: Enumerating song list... This could take a few moments.
2017-03-13 22:19:11.121000 #bots @Amigos Prováveis#6605: Playlist 'zuca' saved. Tracks: 19
2017-03-14 01:45:52.792000 #bots @Amigos Prováveis#6605: @​here
2017-03-14 01:45:52.792000 #bots @Amigos Prováveis#6605: @​here
2017-03-14 02:40:51.631000 #bots @jonyroda97#9104: 'ola'
2017-03-14 02:41:02.398000 #bots @jonyroda97#9104: `ola`
2017-03-15 01:36:04.326000 #bots @Amigos Prováveis#6605: @​here
2017-03-15 01:36:04.326000 #bots @Amigos Prováveis#6605: @​here
2017-03-15 01:36:19.754000 #bots @jonyroda97#9104: .cog update
2017-03-15 01:36:20.031000 #bots @Amigos Prováveis#6605: Downloading updated cogs, please wait...  0/8 repos updated
2017-03-15 01:36:20.031000 #bots @Amigos Prováveis#6605: EDIT: 
Before: Downloading updated cogs, please wait...  0/8 repos updated
After: Downloading updated cogs, please wait...  1/8 repos updated
2017-03-15 01:36:20.031000 #bots @Amigos Prováveis#6605: EDIT: 
Before: Downloading updated cogs, please wait...  1/8 repos updated
After: Downloading updated cogs, please wait...  4/8 repos updated
2017-03-15 01:36:20.031000 #bots @Amigos Prováveis#6605: EDIT: 
Before: Downloading updated cogs, please wait...  4/8 repos updated
After: Downloading updated cogs, please wait...  5/8 repos updated
2017-03-15 01:36:20.031000 #bots @Amigos Prováveis#6605: EDIT: 
Before: Downloading updated cogs, please wait...  5/8 repos updated
After: Downloading updated cogs, please wait...  8/8 repos updated
2017-03-15 01:36:20.031000 #bots @Amigos Prováveis#6605: EDIT: 
Before: Downloading updated cogs, please wait...  8/8 repos updated
After: Downloading updated cogs, please wait... done.  No updates to apply. 
Updated cogs: mash/translated, jumper/casino, jumper/dicetable, jumper/heist.
2017-03-16 00:13:59.362000 #bots @jonyroda97#9104: .cog update
2017-03-16 00:13:59.677000 #bots @Amigos Prováveis#6605: Downloading updated cogs, please wait...  0/8 repos updated
2017-03-16 00:13:59.677000 #bots @Amigos Prováveis#6605: EDIT: 
Before: Downloading updated cogs, please wait...  0/8 repos updated
After: Downloading updated cogs, please wait...  1/8 repos updated
2017-03-16 00:13:59.677000 #bots @Amigos Prováveis#6605: EDIT: 
Before: Downloading updated cogs, please wait...  1/8 repos updated
After: Downloading updated cogs, please wait...  4/8 repos updated
2017-03-16 00:13:59.677000 #bots @Amigos Prováveis#6605: EDIT: 
Before: Downloading updated cogs, please wait...  4/8 repos updated
After: Downloading updated cogs, please wait...  5/8 repos updated
2017-03-16 00:13:59.677000 #bots @Amigos Prováveis#6605: EDIT: 
Before: Downloading updated cogs, please wait...  5/8 repos updated
After: Downloading updated cogs, please wait... done. 
Updated cogs: mash/translated, jumper/shop, tmerc/customjoinleave, tmerc/kz, tmerc/membership, tmerc/quotes, tmerc/randgame, tmerc/randimage, tmerc/reviewemoji, tmerc/streamrole.
2017-03-16 00:14:03.633000 #bots @Amigos Prováveis#6605: ```Prolog
Patch Notes for tmerc/reviewemoji
=================================
commit c44b1b63dccf344f2461a3c178c08437f062aa68
Author: Thomas Mercurio <thomas.mercurio@jitterbit.com>
Date:   7 hours ago

    Use copies of default settings.
    
    Should resolve issues where changing a setting in one server changes them in all.
```
2017-03-16 00:14:03.827000 #bots @Amigos Prováveis#6605: Cogs updated. Reload updated cogs? (yes/no)
2017-03-16 00:14:07.979000 #bots @jonyroda97#9104: yes
2017-03-16 00:14:08.099000 #bots @Amigos Prováveis#6605: Done. The following cogs were reloaded: reviewemoji
2017-03-16 00:32:50.124000 #bots @jonyroda97#9104: [hello](www.google.pt)
2017-03-16 00:32:50.124000 #bots @jonyroda97#9104: EDIT: 
Before: [hello](www.google.pt)
After: ```markdown
[hello](www.google.pt)
```
2017-03-16 00:32:50.124000 #bots @jonyroda97#9104: EDIT: 
Before: ```markdown
[hello](www.google.pt)
```
After: ```markdown
www.google.pt
```
2017-03-16 00:34:27.530000 #bots @jonyroda97#9104: mega.nz
2017-03-16 00:34:32.550000 #bots @jonyroda97#9104: www.mega.nz
2017-03-16 00:34:50.824000 #bots @jonyroda97#9104: https//:www.mega.nz
2017-03-16 00:34:50.824000 #bots @jonyroda97#9104: EDIT: 
Before: https//:www.mega.nz
After: https://www.mega.nz
2017-03-16 00:35:13.464000 #bots @jonyroda97#9104: .clear 4
2017-03-16 00:35:24.297000 #bots @jonyroda97#9104: https://mega.nz
2017-03-16 00:35:24.297000 #bots @jonyroda97#9104: https://mega.nz
2017-03-16 00:35:34.642000 #bots @jonyroda97#9104: https://dropbox.com
2017-03-16 00:35:34.642000 #bots @jonyroda97#9104: https://dropbox.com
2017-03-16 00:35:42.024000 #bots @jonyroda97#9104: .clear 2
