[28/02/2017 06:55] WARNING gateway run 73: We have stopped responding to the gateway.
[02/03/2017 23:48] WARNING gateway run 73: We have stopped responding to the gateway.
[05/04/2017 08:15] WARNING gateway run 73: We have stopped responding to the gateway.
[05/04/2017 08:19] WARNING gateway run 73: We have stopped responding to the gateway.
[05/04/2017 08:37] WARNING gateway run 73: We have stopped responding to the gateway.
[25/04/2017 00:21] WARNING gateway run 73: We have stopped responding to the gateway.
[26/04/2017 21:31] WARNING gateway run 73: We have stopped responding to the gateway.
[02/05/2017 02:50] WARNING gateway run 73: We have stopped responding to the gateway.
[08/05/2017 20:20] WARNING gateway run 73: We have stopped responding to the gateway.
[14/05/2017 10:21] WARNING gateway run 73: We have stopped responding to the gateway.
[19/05/2017 05:35] WARNING gateway run 73: We have stopped responding to the gateway.
[01/06/2017 04:24] WARNING gateway run 73: We have stopped responding to the gateway.
[03/06/2017 05:25] WARNING gateway run 73: We have stopped responding to the gateway.
[06/06/2017 20:01] WARNING gateway run 73: We have stopped responding to the gateway.
[06/06/2017 23:28] WARNING gateway run 73: We have stopped responding to the gateway.
[07/06/2017 10:27] WARNING gateway run 73: We have stopped responding to the gateway.
[09/06/2017 12:13] WARNING gateway run 73: We have stopped responding to the gateway.
[26/06/2017 10:59] WARNING gateway run 73: We have stopped responding to the gateway.
[03/07/2017 22:42] WARNING gateway run 73: We have stopped responding to the gateway.
[11/07/2017 12:15] WARNING gateway run 73: We have stopped responding to the gateway.
[14/07/2017 17:19] WARNING gateway run 73: We have stopped responding to the gateway.
[24/07/2017 00:32] WARNING gateway run 83: We have stopped responding to the gateway.
[16/08/2017 03:31] WARNING gateway run 83: We have stopped responding to the gateway.
[22/08/2017 14:47] WARNING state parse_message_reaction_remove 299: Unexpected reaction remove {'channel_id': '133251234164375552', 'message_id': '349564834511192065', 'user_id': '100406911567949824', 'emoji': {'id': '311202237701554187', 'name': 'blobthinkingglare'}}
[22/08/2017 14:47] WARNING state parse_message_reaction_remove 299: Unexpected reaction remove {'channel_id': '133251234164375552', 'message_id': '349564834511192065', 'user_id': '100406911567949824', 'emoji': {'id': '311202237701554187', 'name': 'blobthinkingglare'}}
[22/08/2017 15:33] WARNING state parse_message_reaction_remove 299: Unexpected reaction remove {'channel_id': '133251234164375552', 'message_id': '349576094757814272', 'user_id': '100406911567949824', 'emoji': {'id': '230234948366368768', 'name': 'eslyfail'}}
[23/08/2017 09:31] WARNING state parse_message_reaction_remove 299: Unexpected reaction remove {'channel_id': '133251234164375552', 'message_id': '349847989574959104', 'user_id': '100406911567949824', 'emoji': {'id': '245239175908032514', 'name': 'pr_denied'}}
[24/08/2017 22:21] WARNING gateway run 83: We have stopped responding to the gateway.
[19/09/2017 20:20] WARNING gateway run 83: We have stopped responding to the gateway.
[24/09/2017 22:23] WARNING gateway run 83: We have stopped responding to the gateway.
[15/10/2017 13:34] WARNING gateway run 83: We have stopped responding to the gateway.
[30/10/2017 22:21] WARNING gateway run 78: We have stopped responding to the gateway.
[01/11/2017 22:02] WARNING gateway run 78: We have stopped responding to the gateway.
[01/11/2017 22:21] WARNING gateway run 78: We have stopped responding to the gateway.
[06/11/2017 22:21] WARNING gateway run 78: We have stopped responding to the gateway.
[06/11/2017 22:23] WARNING gateway run 78: We have stopped responding to the gateway.
[13/11/2017 22:21] WARNING gateway run 78: We have stopped responding to the gateway.
[14/11/2017 22:21] WARNING gateway run 78: We have stopped responding to the gateway.
[16/11/2017 19:38] WARNING state parse_message_reaction_remove 299: Unexpected reaction remove {'message_id': '380803699540361224', 'user_id': '95645231248048128', 'emoji': {'name': '➡', 'id': None}, 'channel_id': '133251234164375552'}
[22/11/2017 22:23] WARNING gateway run 78: We have stopped responding to the gateway.
[24/11/2017 22:03] WARNING gateway run 78: We have stopped responding to the gateway.
[30/11/2017 22:23] WARNING gateway run 78: We have stopped responding to the gateway.
[11/12/2017 22:21] WARNING gateway run 78: We have stopped responding to the gateway.
[12/12/2017 22:21] WARNING gateway run 78: We have stopped responding to the gateway.
[23/12/2017 22:21] WARNING gateway run 78: We have stopped responding to the gateway.
[30/12/2017 22:15] WARNING gateway run 78: We have stopped responding to the gateway.
